[
  {
    "loop_id": "loop_0006",
    "timestamp": "2025-05-05T00:16:36.202779",
    "intent": "Generate a plan to create a new agent named 'ExampleAgent' with basic file reading capabilities.",
    "status": "success"
  },
  {
    "loop_id": "loop_0007",
    "timestamp": "2025-05-05T00:46:22.301466",
    "intent": "Generate a plan to create a new agent named \"TestAgent\" with basic logging capabilities.",
    "status": "success"
  },
  {
    "loop_id": "loop_0012",
    "timestamp": "2025-05-05T05:50:33.220442",
    "intent": "Intent data not found or invalid",
    "status": "success"
  },
  {
    "loop_id": "loop_0013",
    "timestamp": "2025-05-05T05:50:50.497788",
    "intent": "Intent data not found or invalid",
    "status": "success"
  },
  {
    "loop_id": "loop_0012",
    "timestamp": "2025-05-05T05:52:31.234916",
    "intent": "Intent data not found or invalid",
    "status": "rejected"
  },
  {
    "loop_id": "loop_0013",
    "timestamp": "2025-05-05T05:52:50.013646",
    "intent": "Intent data not found or invalid",
    "status": "rejected"
  },
  {
    "loop_id": "0012",
    "timestamp": "2025-05-05T06:09:50.498263",
    "intent": "Intent data not found or invalid",
    "status": "rejected"
  },
  {
    "loop_id": "loop_0016",
    "timestamp": "2025-05-05T06:25:15.000000",
    "intent": "Dummy Intent: Low confidence success test.",
    "status": "success"
  },
  {
    "loop_id": "0030a",
    "timestamp_start": "2025-05-06T19:19:32.297397+00:00",
    "timestamp_end": "2025-05-06T19:19:32.430189+00:00",
    "intent_description": "Implement a new feature to display user analytics on the dashboard.",
    "archetype": "Implement",
    "status": "failure",
    "summary_status": "pending_review",
    "summary_of_actions": "Archetype: Implement, Est. Cost: 10.; Budget Check Passed: Sufficient budget available.; Orchestrator agent not found. Drift logged.",
    "key_artifacts_produced": [],
    "errors_encountered": [
      "Orchestrator: Agent not found. Drift logged."
    ]
  },
  {
    "loop_id": "0030b",
    "timestamp_start": "2025-05-06T19:19:40.535349+00:00",
    "timestamp_end": "2025-05-06T19:19:40.614603+00:00",
    "intent_description": "Implement a very large and complex new AI model for advanced forecasting, requiring extensive resources.",
    "archetype": "Implement",
    "status": "failure",
    "summary_status": "pending_review",
    "summary_of_actions": "Archetype: Implement, Est. Cost: 350.; Budget Check Passed: Sufficient budget available.; Orchestrator agent not found. Drift logged.",
    "key_artifacts_produced": [],
    "errors_encountered": [
      "Orchestrator: Agent not found. Drift logged."
    ]
  },
  {
    "loop_id": "0031a",
    "timestamp_start": "2025-05-06T19:42:01.109904+00:00",
    "timestamp_end": "2025-05-06T19:42:01.264107+00:00",
    "intent_description": "Test loop for Batch 22.2: Valid summary expected to be accepted. Standard operation, low complexity.",
    "archetype": "Implement",
    "status": "failure",
    "summary_status": "accepted",
    "summary_of_actions": "Archetype: Implement, Est. Cost: 5.0.; Budget Check Passed: Sufficient budget available.; Orchestrator agent not found. Drift logged.",
    "key_artifacts_produced": [],
    "errors_encountered": [
      "Orchestrator: Agent not found. Drift logged."
    ]
  },
  {
    "loop_id": "0031b",
    "timestamp_start": "2025-05-06T19:42:15.342009+00:00",
    "timestamp_end": "2025-05-06T19:42:15.489618+00:00",
    "intent_description": "Test loop for Batch 22.2: Summary expected to be rejected due to high cognitive cost or low trust (simulated).",
    "archetype": "Implement",
    "status": "failure",
    "summary_status": "rejected",
    "summary_of_actions": "Archetype: Implement, Est. Cost: 250.0.; Budget Check Passed: Sufficient budget available.; Orchestrator agent not found. Drift logged.",
    "key_artifacts_produced": [],
    "errors_encountered": [
      "Orchestrator: Agent not found. Drift logged."
    ]
  },
  {
    "loop_id": "0031c",
    "timestamp_start": "2025-05-06T19:42:26.084440+00:00",
    "timestamp_end": "2025-05-06T19:42:26.223690+00:00",
    "intent_description": "Test loop for Batch 22.2: Attempt to call a deliberately unregistered agent (historian) to trigger and test agent registration drift logging.",
    "archetype": "Implement",
    "status": "failure",
    "summary_status": "accepted",
    "summary_of_actions": "Archetype: Implement, Est. Cost: 10.0.; Budget Check Passed: Sufficient budget available.; Orchestrator agent not found. Drift logged.; historian agent not found. Drift logged.",
    "key_artifacts_produced": [],
    "errors_encountered": [
      "Orchestrator: Agent not found. Drift logged.",
      "historian: Agent not found. Drift logged."
    ]
  },
  {
    "loop_id": "0032a",
    "timestamp_start": "2025-05-06T20:04:23.763055+00:00",
    "timestamp_end": "2025-05-06T20:04:23.793765+00:00",
    "intent_description": "Test loop for Batch 22.3: Trigger review for a pre-existing schema change proposal (proposal_0032a_test) and expect operator approval.",
    "archetype": "Validate_Verify",
    "status": "failure",
    "summary_status": "pending_review",
    "summary_of_actions": "Archetype: Validate_Verify, Est. Cost: 0.; Budget Check Passed: Sufficient budget available.; Orchestrator: Agent not found. Drift logged.",
    "key_artifacts_produced": [],
    "errors_encountered": [
      "Orchestrator: Agent not found. Drift logged."
    ]
  },
  {
    "loop_id": "0032b",
    "timestamp_start": "2025-05-06T20:04:33.883350+00:00",
    "timestamp_end": "2025-05-06T20:04:33.904121+00:00",
    "intent_description": "Test loop for Batch 22.3: Trigger review for a pre-existing schema change proposal (proposal_0032b_test) and expect operator rejection.",
    "archetype": "Validate_Verify",
    "status": "failure",
    "summary_status": "pending_review",
    "summary_of_actions": "Archetype: Validate_Verify, Est. Cost: 0.; Budget Check Passed: Sufficient budget available.; Orchestrator: Agent not found. Drift logged.",
    "key_artifacts_produced": [],
    "errors_encountered": [
      "Orchestrator: Agent not found. Drift logged."
    ]
  },
  {
    "loop_id": "loop_0036a",
    "timestamp_start": "2025-05-07T02:28:20.500238+00:00",
    "timestamp_end": "2025-05-07T02:28:20.520931+00:00",
    "intent_description": "Architect, please propose a very simple plan for a small task. This loop is to test if system invariants are met under normal conditions.",
    "archetype": "Validate_Verify",
    "status": "failure",
    "summary_status": "pending_review",
    "summary_of_actions": "Archetype: Validate_Verify, Est. Cost: 0.; Budget Check Passed: Sufficient budget available.; Architect: Agent not found. Drift logged.",
    "key_artifacts_produced": [],
    "errors_encountered": [
      "Architect: Agent not found. Drift logged."
    ]
  },
  {
    "loop_id": "loop_0036a",
    "timestamp_start": "2025-05-07T02:30:18.463774+00:00",
    "timestamp_end": "2025-05-07T02:30:18.515746+00:00",
    "intent_description": "Architect, please propose a very simple plan for a small task. This loop is to test if system invariants are met under normal conditions.",
    "archetype": "Validate_Verify",
    "status": "failure",
    "summary_status": "pending_review",
    "summary_of_actions": "Archetype: Validate_Verify, Est. Cost: 0.; Budget Check Passed: Sufficient budget available.; Target agent 'architect' loaded.; Error during architect execution: ArchitectAgent.run() missing 1 required positional argument: 'payload'; Complexity budget updated. Spent: 0 for archetype 'Validate_Verify'.",
    "key_artifacts_produced": [],
    "errors_encountered": [
      "Error during architect execution: ArchitectAgent.run() missing 1 required positional argument: 'payload'"
    ]
  },
  {
    "loop_id": "loop_0036a",
    "timestamp_start": "2025-05-07T02:37:11.274413+00:00",
    "timestamp_end": "2025-05-07T02:37:11.324206+00:00",
    "intent_description": "Architect, please propose a very simple plan for a small task. This loop is to test if system invariants are met under normal conditions.",
    "archetype": "Validate_Verify",
    "status": "failure",
    "summary_status": "pending_review",
    "summary_of_actions": "Archetype: Validate_Verify, Est. Cost: 0.; Budget Check Passed: Sufficient budget available.; Target agent 'architect' loaded.; Error during architect execution: ArchitectAgent.run() missing 1 required positional argument: 'payload'; Complexity budget updated. Spent: 0 for archetype 'Validate_Verify'.",
    "key_artifacts_produced": [],
    "errors_encountered": [
      "Error during architect execution: ArchitectAgent.run() missing 1 required positional argument: 'payload'"
    ]
  },
  {
    "loop_id": "loop_0036a",
    "timestamp_start": "2025-05-07T02:39:06.054280+00:00",
    "timestamp_end": "2025-05-07T02:39:06.107956+00:00",
    "intent_description": "Architect, please propose a very simple plan for a small task. This loop is to test if system invariants are met under normal conditions.",
    "archetype": "Validate_Verify",
    "status": "failure",
    "summary_status": "rejected",
    "summary_of_actions": "Archetype: Validate_Verify, Est. Cost: 0.; Budget Check Passed: Sufficient budget available.; Target agent 'architect' loaded.; Error during architect execution: ArchitectAgent.run() missing 1 required positional argument: 'payload'; Complexity budget updated. Spent: 0 for archetype 'Validate_Verify'.; Loop summary rejected. Reason: Summary rejected due to low trust score at runtime (0.50).",
    "key_artifacts_produced": [],
    "errors_encountered": [
      "Error during architect execution: ArchitectAgent.run() missing 1 required positional argument: 'payload'"
    ]
  },
  {
    "loop_id": "loop_0037",
    "timestamp_start": "2025-05-07T02:51:23.305355+00:00",
    "timestamp_end": "2025-05-07T02:51:23.360613+00:00",
    "intent_description": "Test loop for Batch 23.4: Validate loop identity signature and all enforcement mechanisms. This loop will attempt to use the Architect agent for a simple planning task.",
    "archetype": "Validate_Verify",
    "status": "failure",
    "summary_status": "rejected",
    "summary_of_actions": "Archetype: Validate_Verify, Est. Cost: 0.; Budget Check Passed: Sufficient budget available.; Target agent 'architect' loaded.; Error during architect execution: ArchitectAgent.run() missing 1 required positional argument: 'payload'; Complexity budget updated. Spent: 0 for archetype 'Validate_Verify'.; Loop summary rejected. Reason: Summary rejected due to low trust score at runtime (0.50).",
    "key_artifacts_produced": [],
    "errors_encountered": [
      "Error during architect execution: ArchitectAgent.run() missing 1 required positional argument: 'payload'"
    ]
  },
  {
    "loop_id": "loop_0037",
    "timestamp_start": "2025-05-07T02:59:30.900192+00:00",
    "timestamp_end": "2025-05-07T02:59:30.952764+00:00",
    "intent_description": "Test loop for Batch 23.4: Validate loop identity signature and all enforcement mechanisms. This loop will attempt to use the Architect agent for a simple planning task.",
    "archetype": "Validate_Verify",
    "status": "failure",
    "summary_status": "rejected",
    "summary_of_actions": "Loop Identity Signature generated: 6d96ab7b533dd626b20cd6b40b33b789f8eeb79da82a28c581a4699fd34d87cb; Archetype: Validate_Verify, Est. Cost: 0.; Budget Check Passed: Sufficient budget available.; Target agent 'architect' loaded.; Error during architect execution: Input validation failed for ArchitectAgent: 2 validation errors for ArchitectInstruction\nloop_id\n  Field required [type=missing, input_value={'instruction_type': 'pro...a configuration file.']}, input_type=dict]\n    For further information visit https://errors.pydantic.dev/2.11/v/missing\nintent_description\n  Field required [type=missing, input_value={'instruction_type': 'pro...a configuration file.']}, input_type=dict]\n    For further information visit https://errors.pydantic.dev/2.11/v/missing; Complexity budget updated. Spent: 0 for archetype 'Validate_Verify'.; Loop summary rejected. Reason: Summary rejected due to low trust score at runtime (0.50).",
    "key_artifacts_produced": [],
    "errors_encountered": [
      "Error during architect execution: Input validation failed for ArchitectAgent: 2 validation errors for ArchitectInstruction\nloop_id\n  Field required [type=missing, input_value={'instruction_type': 'pro...a configuration file.']}, input_type=dict]\n    For further information visit https://errors.pydantic.dev/2.11/v/missing\nintent_description\n  Field required [type=missing, input_value={'instruction_type': 'pro...a configuration file.']}, input_type=dict]\n    For further information visit https://errors.pydantic.dev/2.11/v/missing"
    ]
  },
  {
    "loop_id": "loop_0037",
    "timestamp_start": "2025-05-07T03:00:10.601131+00:00",
    "timestamp_end": "2025-05-07T03:00:10.642936+00:00",
    "intent_description": "Test loop for Batch 23.4: Validate loop identity signature and all enforcement mechanisms. This loop will attempt to use the Architect agent for a simple planning task.",
    "archetype": "Validate_Verify",
    "status": "failure",
    "summary_status": "rejected",
    "summary_of_actions": "Loop Identity Signature generated: 6d96ab7b533dd626b20cd6b40b33b789f8eeb79da82a28c581a4699fd34d87cb; Archetype: Validate_Verify, Est. Cost: 0.; Budget Check Passed: Sufficient budget available.; Target agent 'architect' loaded.; Error during architect execution: Input validation failed for ArchitectAgent: ArchitectAgent.run() missing 1 required positional argument: 'self'; Complexity budget updated. Spent: 0 for archetype 'Validate_Verify'.; Loop summary rejected. Reason: Summary rejected due to low trust score at runtime (0.50).",
    "key_artifacts_produced": [],
    "errors_encountered": [
      "Error during architect execution: Input validation failed for ArchitectAgent: ArchitectAgent.run() missing 1 required positional argument: 'self'"
    ]
  },
  {
    "loop_id": "loop_0037",
    "timestamp_start": "2025-05-07T03:01:01.034556+00:00",
    "timestamp_end": "2025-05-07T03:01:01.100643+00:00",
    "intent_description": "Test loop for Batch 23.4: Validate loop identity signature and all enforcement mechanisms. This loop will attempt to use the Architect agent for a simple planning task.",
    "archetype": "Validate_Verify",
    "status": "failure",
    "summary_status": "rejected",
    "summary_of_actions": "Loop Identity Signature generated: 6d96ab7b533dd626b20cd6b40b33b789f8eeb79da82a28c581a4699fd34d87cb; Archetype: Validate_Verify, Est. Cost: 0.; Budget Check Passed: Sufficient budget available.; Target agent class \t'architect' loaded.; Error during architect execution: 'dict' object has no attribute 'status'; Complexity budget updated. Spent: 0 for archetype 'Validate_Verify'.; Loop summary rejected. Reason: Summary rejected due to low trust score at runtime (0.50).",
    "key_artifacts_produced": [],
    "errors_encountered": [
      "Error during architect execution: 'dict' object has no attribute 'status'"
    ]
  },
  {
    "loop_id": "loop_0037",
    "timestamp_start": "2025-05-07T03:11:59.436609+00:00",
    "timestamp_end": "2025-05-07T03:11:59.622500+00:00",
    "intent_description": "Test loop for Batch 23.4: Validate loop identity signature and all enforcement mechanisms. This loop will attempt to use the Architect agent for a simple planning task.",
    "archetype": "Validate_Verify",
    "status": "failure",
    "summary_status": "rejected",
    "summary_of_actions": "Loop Identity Signature generated: 6d96ab7b533dd626b20cd6b40b33b789f8eeb79da82a28c581a4699fd34d87cb; Archetype: Validate_Verify, Est. Cost: 0.; Budget Check Passed: Sufficient budget available.; Target agent class \t'architect' loaded.; Error during architect execution: Input validation failed for ArchitectAgent: 1 validation error for AgentResult\nstatus\n  Input should be 'SUCCESS', 'FAILURE', 'PENDING', 'DELEGATED' or 'HALT' [type=enum, input_value=<ResultStatus.FAILURE: 'failure'>, input_type=ResultStatus]\n    For further information visit https://errors.pydantic.dev/2.11/v/enum; Complexity budget updated. Spent: 0 for archetype 'Validate_Verify'.; Loop summary rejected. Reason: Summary rejected due to low trust score at runtime (0.50).",
    "key_artifacts_produced": [],
    "errors_encountered": [
      "Error during architect execution: Input validation failed for ArchitectAgent: 1 validation error for AgentResult\nstatus\n  Input should be 'SUCCESS', 'FAILURE', 'PENDING', 'DELEGATED' or 'HALT' [type=enum, input_value=<ResultStatus.FAILURE: 'failure'>, input_type=ResultStatus]\n    For further information visit https://errors.pydantic.dev/2.11/v/enum"
    ]
  },
  {
    "loop_id": "loop_0037",
    "timestamp_start": "2025-05-07T03:12:38.358095+00:00",
    "timestamp_end": "2025-05-07T03:12:38.419222+00:00",
    "intent_description": "Test loop for Batch 23.4: Validate loop identity signature and all enforcement mechanisms. This loop will attempt to use the Architect agent for a simple planning task.",
    "archetype": "Validate_Verify",
    "status": "success",
    "summary_status": "rejected",
    "summary_of_actions": "Loop Identity Signature generated: 6d96ab7b533dd626b20cd6b40b33b789f8eeb79da82a28c581a4699fd34d87cb; Archetype: Validate_Verify, Est. Cost: 0.; Budget Check Passed: Sufficient budget available.; Target agent class \t'architect' loaded.; Agent 'architect' executed. Status: SUCCESS.; Complexity budget updated. Spent: 0 for archetype 'Validate_Verify'.; Loop summary rejected. Reason: Summary rejected due to low trust score at runtime (0.50).",
    "key_artifacts_produced": [
      "architect_output: {'suggested_components': [], 'tool_scaffold_plan': [], 'memory_update': {'plan_file': '/home/ubuntu/personal-ai-agent/app/memory/proposed_plan_loop_0037.json'}, 'status': <ResultStatus.SUCCESS: 'succe..."
    ],
    "errors_encountered": []
  }
]
